<?xml version="1.0" encoding="UTF-8"?>
<testsuite name="org.cytoscape.tiedie.internal.logic.KernelTest" time="0.674" tests="8" errors="2" skipped="0" failures="4">
  <properties>
    <property name="java.runtime.name" value="Java(TM) SE Runtime Environment"/>
    <property name="sun.boot.library.path" value="C:\Program Files (x86)\Java\jdk1.7.0_45\jre\bin"/>
    <property name="java.vm.version" value="24.45-b08"/>
    <property name="java.vm.vendor" value="Oracle Corporation"/>
    <property name="java.vendor.url" value="http://java.oracle.com/"/>
    <property name="path.separator" value=";"/>
    <property name="guice.disable.misplaced.annotation.check" value="true"/>
    <property name="java.vm.name" value="Java HotSpot(TM) Client VM"/>
    <property name="file.encoding.pkg" value="sun.io"/>
    <property name="user.script" value=""/>
    <property name="user.country" value="US"/>
    <property name="sun.java.launcher" value="SUN_STANDARD"/>
    <property name="sun.os.patch.level" value=""/>
    <property name="java.vm.specification.name" value="Java Virtual Machine Specification"/>
    <property name="user.dir" value="C:\Users\Srikanth\Desktop\TieDIE_Cytoscape\TieDIE"/>
    <property name="java.runtime.version" value="1.7.0_45-b18"/>
    <property name="java.awt.graphicsenv" value="sun.awt.Win32GraphicsEnvironment"/>
    <property name="java.endorsed.dirs" value="C:\Program Files (x86)\Java\jdk1.7.0_45\jre\lib\endorsed"/>
    <property name="os.arch" value="x86"/>
    <property name="java.io.tmpdir" value="C:\Users\Srikanth\AppData\Local\Temp\"/>
    <property name="line.separator" value="&#10;"/>
    <property name="java.vm.specification.vendor" value="Oracle Corporation"/>
    <property name="user.variant" value=""/>
    <property name="os.name" value="Windows 8"/>
    <property name="maven.ext.class.path" value="C:\Program Files (x86)\NetBeans 7.4\java\maven-nblib\netbeans-eventspy.jar"/>
    <property name="classworlds.conf" value="C:\Program Files (x86)\NetBeans 7.4\java\maven\bin\m2.conf"/>
    <property name="sun.jnu.encoding" value="Cp1252"/>
    <property name="java.library.path" value="C:\Program Files (x86)\Java\jdk1.7.0_45\bin;C:\windows\Sun\Java\bin;C:\windows\system32;C:\windows;C:\Program Files (x86)\Intel\iCLS Client\;C:\Program Files\Intel\iCLS Client\;C:\windows\system32;C:\windows;C:\windows\System32\Wbem;C:\windows\System32\WindowsPowerShell\v1.0\;C:\Program Files\ThinkPad\Bluetooth Software\;C:\Program Files\ThinkPad\Bluetooth Software\syswow64;C:\Program Files\Intel\Intel(R) Management Engine Components\DAL;C:\Program Files\Intel\Intel(R) Management Engine Components\IPT;C:\Program Files (x86)\Intel\Intel(R) Management Engine Components\DAL;C:\Program Files (x86)\Intel\Intel(R) Management Engine Components\IPT;C:\Program Files (x86)\Intel\OpenCL SDK\2.0\bin\x86;C:\Program Files (x86)\Intel\OpenCL SDK\2.0\bin\x64;C:\ProgramData\Lenovo\ReadyApps;C:\Program Files\nodejs\;C:\mongodb\bin;C:\Program Files\TortoiseSVN\bin;C:\Program Files\Java\jdk1.7.0_60\bin;%ANT_HOME%\bin;C:\HashiCorp\Vagrant\bin;;C:\Python27\Tools\Scripts;."/>
    <property name="java.specification.name" value="Java Platform API Specification"/>
    <property name="java.class.version" value="51.0"/>
    <property name="sun.management.compiler" value="HotSpot Client Compiler"/>
    <property name="os.version" value="6.2"/>
    <property name="user.home" value="C:\Users\Srikanth"/>
    <property name="user.timezone" value="Asia/Calcutta"/>
    <property name="java.awt.printerjob" value="sun.awt.windows.WPrinterJob"/>
    <property name="java.specification.version" value="1.7"/>
    <property name="file.encoding" value="Cp1252"/>
    <property name="user.name" value="Srikanth"/>
    <property name="java.class.path" value="C:\Program Files (x86)\NetBeans 7.4\java\maven\boot\plexus-classworlds-2.4.jar"/>
    <property name="java.vm.specification.version" value="1.7"/>
    <property name="sun.arch.data.model" value="32"/>
    <property name="java.home" value="C:\Program Files (x86)\Java\jdk1.7.0_45\jre"/>
    <property name="sun.java.command" value="org.codehaus.plexus.classworlds.launcher.Launcher -Dmaven.ext.class.path=C:\Program Files (x86)\NetBeans 7.4\java\maven-nblib\netbeans-eventspy.jar clean install"/>
    <property name="java.specification.vendor" value="Oracle Corporation"/>
    <property name="user.language" value="en"/>
    <property name="awt.toolkit" value="sun.awt.windows.WToolkit"/>
    <property name="java.vm.info" value="mixed mode"/>
    <property name="java.version" value="1.7.0_45"/>
    <property name="java.ext.dirs" value="C:\Program Files (x86)\Java\jdk1.7.0_45\jre\lib\ext;C:\windows\Sun\Java\lib\ext"/>
    <property name="sun.boot.class.path" value="C:\Program Files (x86)\Java\jdk1.7.0_45\jre\lib\resources.jar;C:\Program Files (x86)\Java\jdk1.7.0_45\jre\lib\rt.jar;C:\Program Files (x86)\Java\jdk1.7.0_45\jre\lib\sunrsasign.jar;C:\Program Files (x86)\Java\jdk1.7.0_45\jre\lib\jsse.jar;C:\Program Files (x86)\Java\jdk1.7.0_45\jre\lib\jce.jar;C:\Program Files (x86)\Java\jdk1.7.0_45\jre\lib\charsets.jar;C:\Program Files (x86)\Java\jdk1.7.0_45\jre\lib\jfr.jar;C:\Program Files (x86)\Java\jdk1.7.0_45\jre\classes"/>
    <property name="java.vendor" value="Oracle Corporation"/>
    <property name="maven.home" value="C:\Program Files (x86)\NetBeans 7.4\java\maven"/>
    <property name="file.separator" value="\"/>
    <property name="java.vendor.url.bug" value="http://bugreport.sun.com/bugreport/"/>
    <property name="sun.cpu.endian" value="little"/>
    <property name="sun.io.unicode.encoding" value="UnicodeLittle"/>
    <property name="sun.desktop" value="windows"/>
    <property name="sun.cpu.isalist" value="pentium_pro+mmx pentium_pro pentium+mmx pentium i486 i386 i86"/>
  </properties>
  <testcase name="testGetadjacencyMatrixOfNetwork" classname="org.cytoscape.tiedie.internal.logic.KernelTest" time="0.186">
    <failure message="arrays first differed at element [0][1]; expected:&lt;0.0&gt; but was:&lt;1.0&gt;" type="org.junit.internal.ArrayComparisonFailure"><![CDATA[org.junit.internal.ArrayComparisonFailure: arrays first differed at element [0][1]; expected:<0.0> but was:<1.0>
	at org.junit.internal.ComparisonCriteria.arrayEquals(ComparisonCriteria.java:50)
	at org.junit.internal.ComparisonCriteria.arrayEquals(ComparisonCriteria.java:41)
	at org.junit.Assert.internalArrayEquals(Assert.java:473)
	at org.junit.Assert.assertArrayEquals(Assert.java:265)
	at org.junit.Assert.assertArrayEquals(Assert.java:280)
	at org.cytoscape.tiedie.internal.logic.KernelTest.testGetadjacencyMatrixOfNetwork(KernelTest.java:79)
]]></failure>
    <system-out><![CDATA[[org.cytoscape.model.internal.SharedTableFacade] :   - looking for local tables: 
[org.cytoscape.model.internal.SharedTableFacade] : adding real column: 'shared name' to table: 2 shared edge
[org.cytoscape.model.internal.SharedTableFacade] :   - looking for local tables: 
[org.cytoscape.model.internal.SharedTableFacade] :   - looking for local tables: 
[org.cytoscape.model.internal.SharedTableFacade] : adding real column: 'shared interaction' to table: 2 shared edge
[org.cytoscape.model.internal.SharedTableFacade] :   - looking for local tables: 
[org.cytoscape.model.internal.SharedTableFacade] :   - looking for local tables: 
[org.cytoscape.model.internal.SharedTableFacade] : adding real column: 'shared name' to table: 2 shared network
[org.cytoscape.model.internal.SharedTableFacade] :   - looking for local tables: 
[org.cytoscape.model.internal.SharedTableFacade] :   - looking for local tables: 
[org.cytoscape.model.internal.SharedTableFacade] : adding real column: 'shared name' to table: 2 shared node
[org.cytoscape.model.internal.SharedTableFacade] :   - looking for local tables: 
[org.cytoscape.model.internal.CyNetworkFactoryImpl] : CyNetwork w/ public tables created: ID = 2
[org.cytoscape.model.internal.CyNetworkFactoryImpl] : CyNetwork w/ public tables created: Base Graph ID = 18
getadjacencyMatrixOfNetwork
]]></system-out>
  </testcase>
  <testcase name="testCreateAdjMatrix" classname="org.cytoscape.tiedie.internal.logic.KernelTest" time="0.003">
    <failure message="arrays first differed at element [0][1]; expected:&lt;0.0&gt; but was:&lt;1.0&gt;" type="org.junit.internal.ArrayComparisonFailure"><![CDATA[org.junit.internal.ArrayComparisonFailure: arrays first differed at element [0][1]; expected:<0.0> but was:<1.0>
	at org.junit.internal.ComparisonCriteria.arrayEquals(ComparisonCriteria.java:50)
	at org.junit.internal.ComparisonCriteria.arrayEquals(ComparisonCriteria.java:41)
	at org.junit.Assert.internalArrayEquals(Assert.java:473)
	at org.junit.Assert.assertArrayEquals(Assert.java:265)
	at org.junit.Assert.assertArrayEquals(Assert.java:280)
	at org.cytoscape.tiedie.internal.logic.KernelTest.testCreateAdjMatrix(KernelTest.java:105)
]]></failure>
    <system-out><![CDATA[[org.cytoscape.model.internal.SharedTableFacade] :   - looking for local tables: 
[org.cytoscape.model.internal.SharedTableFacade] : adding real column: 'shared name' to table: 31 shared edge
[org.cytoscape.model.internal.SharedTableFacade] :   - looking for local tables: 
[org.cytoscape.model.internal.SharedTableFacade] :   - looking for local tables: 
[org.cytoscape.model.internal.SharedTableFacade] : adding real column: 'shared interaction' to table: 31 shared edge
[org.cytoscape.model.internal.SharedTableFacade] :   - looking for local tables: 
[org.cytoscape.model.internal.SharedTableFacade] :   - looking for local tables: 
[org.cytoscape.model.internal.SharedTableFacade] : adding real column: 'shared name' to table: 31 shared network
[org.cytoscape.model.internal.SharedTableFacade] :   - looking for local tables: 
[org.cytoscape.model.internal.SharedTableFacade] :   - looking for local tables: 
[org.cytoscape.model.internal.SharedTableFacade] : adding real column: 'shared name' to table: 31 shared node
[org.cytoscape.model.internal.SharedTableFacade] :   - looking for local tables: 
[org.cytoscape.model.internal.CyNetworkFactoryImpl] : CyNetwork w/ public tables created: ID = 31
[org.cytoscape.model.internal.CyNetworkFactoryImpl] : CyNetwork w/ public tables created: Base Graph ID = 47
createAdjMatrix
]]></system-out>
  </testcase>
  <testcase name="testGetTime" classname="org.cytoscape.tiedie.internal.logic.KernelTest" time="0.005"/>
  <testcase name="testGetdiffusionKernelOfNetwork" classname="org.cytoscape.tiedie.internal.logic.KernelTest" time="0.464">
    <failure message="The test case is a prototype." type="java.lang.AssertionError">java.lang.AssertionError: The test case is a prototype.
	at org.junit.Assert.fail(Assert.java:88)
	at org.cytoscape.tiedie.internal.logic.KernelTest.testGetdiffusionKernelOfNetwork(KernelTest.java:93)
</failure>
    <system-out><![CDATA[[org.cytoscape.model.internal.SharedTableFacade] :   - looking for local tables: 
[org.cytoscape.model.internal.SharedTableFacade] : adding real column: 'shared name' to table: 89 shared edge
[org.cytoscape.model.internal.SharedTableFacade] :   - looking for local tables: 
[org.cytoscape.model.internal.SharedTableFacade] :   - looking for local tables: 
[org.cytoscape.model.internal.SharedTableFacade] : adding real column: 'shared interaction' to table: 89 shared edge
[org.cytoscape.model.internal.SharedTableFacade] :   - looking for local tables: 
[org.cytoscape.model.internal.SharedTableFacade] :   - looking for local tables: 
[org.cytoscape.model.internal.SharedTableFacade] : adding real column: 'shared name' to table: 89 shared network
[org.cytoscape.model.internal.SharedTableFacade] :   - looking for local tables: 
[org.cytoscape.model.internal.SharedTableFacade] :   - looking for local tables: 
[org.cytoscape.model.internal.SharedTableFacade] : adding real column: 'shared name' to table: 89 shared node
[org.cytoscape.model.internal.SharedTableFacade] :   - looking for local tables: 
[org.cytoscape.model.internal.CyNetworkFactoryImpl] : CyNetwork w/ public tables created: ID = 89
[org.cytoscape.model.internal.CyNetworkFactoryImpl] : CyNetwork w/ public tables created: Base Graph ID = 105
getdiffusionKernelOfNetwork
]]></system-out>
  </testcase>
  <testcase name="testCreateRequiredExponential" classname="org.cytoscape.tiedie.internal.logic.KernelTest" time="0.004">
    <error type="java.lang.NullPointerException:">java.lang.NullPointerException: null
	at org.cytoscape.tiedie.internal.logic.KernelTest.testCreateRequiredExponential(KernelTest.java:143)
</error>
    <system-out><![CDATA[[org.cytoscape.model.internal.SharedTableFacade] :   - looking for local tables: 
[org.cytoscape.model.internal.SharedTableFacade] : adding real column: 'shared name' to table: 118 shared edge
[org.cytoscape.model.internal.SharedTableFacade] :   - looking for local tables: 
[org.cytoscape.model.internal.SharedTableFacade] :   - looking for local tables: 
[org.cytoscape.model.internal.SharedTableFacade] : adding real column: 'shared interaction' to table: 118 shared edge
[org.cytoscape.model.internal.SharedTableFacade] :   - looking for local tables: 
[org.cytoscape.model.internal.SharedTableFacade] :   - looking for local tables: 
[org.cytoscape.model.internal.SharedTableFacade] : adding real column: 'shared name' to table: 118 shared network
[org.cytoscape.model.internal.SharedTableFacade] :   - looking for local tables: 
[org.cytoscape.model.internal.SharedTableFacade] :   - looking for local tables: 
[org.cytoscape.model.internal.SharedTableFacade] : adding real column: 'shared name' to table: 118 shared node
[org.cytoscape.model.internal.SharedTableFacade] :   - looking for local tables: 
[org.cytoscape.model.internal.CyNetworkFactoryImpl] : CyNetwork w/ public tables created: ID = 118
[org.cytoscape.model.internal.CyNetworkFactoryImpl] : CyNetwork w/ public tables created: Base Graph ID = 134
createRequiredExponential
]]></system-out>
  </testcase>
  <testcase name="testCreateLapMatrix" classname="org.cytoscape.tiedie.internal.logic.KernelTest" time="0.003">
    <failure message="arrays first differed at element [0][1]; expected:&lt;0.0&gt; but was:&lt;-1.0&gt;" type="org.junit.internal.ArrayComparisonFailure"><![CDATA[org.junit.internal.ArrayComparisonFailure: arrays first differed at element [0][1]; expected:<0.0> but was:<-1.0>
	at org.junit.internal.ComparisonCriteria.arrayEquals(ComparisonCriteria.java:50)
	at org.junit.internal.ComparisonCriteria.arrayEquals(ComparisonCriteria.java:41)
	at org.junit.Assert.internalArrayEquals(Assert.java:473)
	at org.junit.Assert.assertArrayEquals(Assert.java:265)
	at org.junit.Assert.assertArrayEquals(Assert.java:280)
	at org.cytoscape.tiedie.internal.logic.KernelTest.testCreateLapMatrix(KernelTest.java:132)
]]></failure>
    <system-out><![CDATA[[org.cytoscape.model.internal.SharedTableFacade] :   - looking for local tables: 
[org.cytoscape.model.internal.SharedTableFacade] : adding real column: 'shared name' to table: 147 shared edge
[org.cytoscape.model.internal.SharedTableFacade] :   - looking for local tables: 
[org.cytoscape.model.internal.SharedTableFacade] :   - looking for local tables: 
[org.cytoscape.model.internal.SharedTableFacade] : adding real column: 'shared interaction' to table: 147 shared edge
[org.cytoscape.model.internal.SharedTableFacade] :   - looking for local tables: 
[org.cytoscape.model.internal.SharedTableFacade] :   - looking for local tables: 
[org.cytoscape.model.internal.SharedTableFacade] : adding real column: 'shared name' to table: 147 shared network
[org.cytoscape.model.internal.SharedTableFacade] :   - looking for local tables: 
[org.cytoscape.model.internal.SharedTableFacade] :   - looking for local tables: 
[org.cytoscape.model.internal.SharedTableFacade] : adding real column: 'shared name' to table: 147 shared node
[org.cytoscape.model.internal.SharedTableFacade] :   - looking for local tables: 
[org.cytoscape.model.internal.CyNetworkFactoryImpl] : CyNetwork w/ public tables created: ID = 147
[org.cytoscape.model.internal.CyNetworkFactoryImpl] : CyNetwork w/ public tables created: Base Graph ID = 163
createLapMatrix
]]></system-out>
  </testcase>
  <testcase name="testDiffuse" classname="org.cytoscape.tiedie.internal.logic.KernelTest" time="0.006">
    <error type="java.lang.NullPointerException:">java.lang.NullPointerException: null
	at org.cytoscape.tiedie.internal.logic.KernelTest.testDiffuse(KernelTest.java:158)
</error>
    <system-out><![CDATA[[org.cytoscape.model.internal.SharedTableFacade] :   - looking for local tables: 
[org.cytoscape.model.internal.SharedTableFacade] : adding real column: 'shared name' to table: 176 shared edge
[org.cytoscape.model.internal.SharedTableFacade] :   - looking for local tables: 
[org.cytoscape.model.internal.SharedTableFacade] :   - looking for local tables: 
[org.cytoscape.model.internal.SharedTableFacade] : adding real column: 'shared interaction' to table: 176 shared edge
[org.cytoscape.model.internal.SharedTableFacade] :   - looking for local tables: 
[org.cytoscape.model.internal.SharedTableFacade] :   - looking for local tables: 
[org.cytoscape.model.internal.SharedTableFacade] : adding real column: 'shared name' to table: 176 shared network
[org.cytoscape.model.internal.SharedTableFacade] :   - looking for local tables: 
[org.cytoscape.model.internal.SharedTableFacade] :   - looking for local tables: 
[org.cytoscape.model.internal.SharedTableFacade] : adding real column: 'shared name' to table: 176 shared node
[org.cytoscape.model.internal.SharedTableFacade] :   - looking for local tables: 
[org.cytoscape.model.internal.CyNetworkFactoryImpl] : CyNetwork w/ public tables created: ID = 176
[org.cytoscape.model.internal.CyNetworkFactoryImpl] : CyNetwork w/ public tables created: Base Graph ID = 192
diffuse
]]></system-out>
  </testcase>
  <testcase name="testCreateDegMatrix" classname="org.cytoscape.tiedie.internal.logic.KernelTest" time="0.003"/>
</testsuite>